STEP to UG
! INFO-     NX STEP AP203 - V12.0
! INFO-      
! INFO-     Start of Translation: 25-MAY-2021  11:21:37 PM
! INFO-      
! STATUS-   Converting Part: C:\Users\areyj\Documents\CAD\NFR Sprocket Adapters\NFR21 Sprocket Adapter\NFR21_SprocketAdapter_CAMAssembly-FINAL.STEP
! SUMMARY-   
! SUMMARY-    STEP Header Information
! SUMMARY-   
! SUMMARY-  Description      STEP AP203
! SUMMARY-  Imp_Level        1
! SUMMARY-  File_Name        NFR21_SprocketAdapter_CAMAssembly-FINAL.STEP
! SUMMARY-  Date             2021-05-26T04:20:46
! SUMMARY-  Author           Unknown
! SUMMARY-  Organization     Unknown
! SUMMARY-  Pre_Version      SwSTEP 2.0
! SUMMARY-  Orig_System      SolidWorks 2020
! SUMMARY-  Authorization    Unknown
! SUMMARY-  Schema_ID        ap203_configuration_controlled_3d_design_of_mechanical_parts_and_assemblies_mim_lf
! SUMMARY-   
! SUMMARY-    Summary of STEP Entities
! SUMMARY-   
! SUMMARY-  Entity Type                                                   Count
! SUMMARY-  -----------                                                   ------
! SUMMARY-  advanced_face ..............................................:    230
! SUMMARY-  application_context ........................................:      8
! SUMMARY-  approval ...................................................:     15
! SUMMARY-  approval_date_time .........................................:     15
! SUMMARY-  approval_person_organization ...............................:     15
! SUMMARY-  approval_role ..............................................:     15
! SUMMARY-  approval_status ............................................:     15
! SUMMARY-  axis2_placement_3d .........................................:    406
! SUMMARY-  b_spline_curve_with_knots ..................................:    218
! SUMMARY-  b_spline_surface_with_knots ................................:     50
! SUMMARY-  calendar_date ..............................................:     26
! SUMMARY-  cartesian_point ............................................:   3210
! SUMMARY-  cc_design_approval .........................................:     15
! SUMMARY-  cc_design_date_and_time_assignment .........................:     11
! SUMMARY-  cc_design_person_and_organization_assignment ...............:     23
! SUMMARY-  cc_design_security_classification ..........................:      7
! SUMMARY-  circle .....................................................:    220
! SUMMARY-  closed_shell ...............................................:      3
! SUMMARY-  context_dependent_shape_representation .....................:      3
! SUMMARY-  conversion_based_unit_and_length_unit ......................:      4
! SUMMARY-  coordinated_universal_time_offset ..........................:     26
! SUMMARY-  cylindrical_surface ........................................:    127
! SUMMARY-  date_and_time ..............................................:     26
! SUMMARY-  date_time_role .............................................:     11
! SUMMARY-  design_context .............................................:      4
! SUMMARY-  dimensional_exponents ......................................:      4
! SUMMARY-  direction ..................................................:   1079
! SUMMARY-  edge_curve .................................................:    705
! SUMMARY-  edge_loop ..................................................:    275
! SUMMARY-  face_bound .................................................:     45
! SUMMARY-  face_outer_bound ...........................................:    230
! SUMMARY-  geometric_representation_context_and_global_uncertainty_a ..:      4
! SUMMARY-  item_defined_transformation ................................:      3
! SUMMARY-  length_measure_with_unit ...................................:      4
! SUMMARY-  length_unit_and_si_unit ....................................:      4
! SUMMARY-  line .......................................................:    267
! SUMMARY-  local_time .................................................:     26
! SUMMARY-  manifold_solid_brep ........................................:      3
! SUMMARY-  mechanical_context .........................................:      4
! SUMMARY-  next_assembly_usage_occurrence .............................:      3
! SUMMARY-  organization ...............................................:      4
! SUMMARY-  oriented_edge ..............................................:   1410
! SUMMARY-  person .....................................................:      4
! SUMMARY-  person_and_organization ....................................:     35
! SUMMARY-  person_and_organization_role ...............................:     23
! SUMMARY-  plane ......................................................:     51
! SUMMARY-  plane_angle_unit_and_si_unit ...............................:      4
! SUMMARY-  product ....................................................:      4
! SUMMARY-  product_definition .........................................:      4
! SUMMARY-  product_definition_formation_with_specified_source .........:      4
! SUMMARY-  product_definition_shape ...................................:      7
! SUMMARY-  product_related_product_category ...........................:      4
! SUMMARY-  representation_relationship_with_transformation_and_shape ..:      3
! SUMMARY-  security_classification ....................................:      7
! SUMMARY-  security_classification_level ..............................:      7
! SUMMARY-  shape_representation .......................................:      4
! SUMMARY-  si_unit_and_solid_angle_unit ...............................:      4
! SUMMARY-  toroidal_surface ...........................................:      2
! SUMMARY-  uncertainty_measure_with_unit ..............................:      4
! SUMMARY-  vector .....................................................:    267
! SUMMARY-  vertex_point ...............................................:    470
! SUMMARY-                                                               -------
! SUMMARY-  Total                                                           9681
! STATUS-    
! STATUS-   Converting to Output Form (Phase 2 of 3): 25-MAY-2021 11:21:37 PM
! STATUS-    
! INFO-     CV0305 The entities referenced by a context_dependant_shape_rep are
! INFO-       not coded as to STEP Part 43 requirements.  The references to the
! INFO-       component and assembly pieces is out of order.  We will attempt
! INFO-       to correct this with the given data.  This problem should be
! INFO-       reported to the translator vendor whose product generated this
! INFO-       STEP file.  If we are unable to rectify this problem the
! INFO-       components may be positioned incorrectly.
! INFO-      
! STATUS-    
! STATUS-   Generating UG geometry and placing them in parts
! STATUS-    
! STATUS-   Creating the UG part (Phase 3 of 3): 25-MAY-2021  11:21:37 PM
! STATUS-    
! STATUS-   Creating UG solid body from Input Ent Id 6647
! STATUS-    
! STATUS-   simplifying Bsplines to analytics
! STATUS-    
! STATUS-   converting tolerant edges into exact edges
! STATUS-    
! STATUS-   doing final check of body to report any faults
! STATUS-    
! INFO-     Filing Part ..: C:\Users\areyj\Documents\CAD\NFR Sprocket Adapters\NFR21 Sprocket Adapter\SuperTab^NFR21_SprocketAdapter_CAMAssembly-FINAL4117
! SUMMARY-   
! SUMMARY-  Summary of Unigraphics Part Entities
! SUMMARY-   
! SUMMARY-  Entities Processed             Count
! SUMMARY-  ------------------             -----
! SUMMARY-  Solid .......................:     1
! SUMMARY-                                 -----
! SUMMARY-  Total                              1
! STATUS-   Creating the UG part (Phase 3 of 3): 25-MAY-2021  11:21:37 PM
! STATUS-    
! STATUS-   Creating UG solid body from Input Ent Id 3272
! STATUS-    
! STATUS-   fixing vertex and/or edge off surface faults
! STATUS-    
! STATUS-   simplifying Bsplines to analytics
! STATUS-    
! STATUS-   converting tolerant edges into exact edges
! STATUS-    
! STATUS-   doing final check of body to report any faults
! STATUS-    
! INFO-     Filing Part ..: C:\Users\areyj\Documents\CAD\NFR Sprocket Adapters\NFR21 Sprocket Adapter\NFR21_SprocketAdapter_Final_Machine7164
! SUMMARY-   
! SUMMARY-  Summary of Unigraphics Part Entities
! SUMMARY-   
! SUMMARY-  Entities Processed             Count
! SUMMARY-  ------------------             -----
! SUMMARY-  Solid .......................:     1
! SUMMARY-                                 -----
! SUMMARY-  Total                              1
! STATUS-   Creating the UG part (Phase 3 of 3): 25-MAY-2021  11:21:38 PM
! STATUS-    
! STATUS-   Creating UG solid body from Input Ent Id 3205
! STATUS-    
! STATUS-   simplifying Bsplines to analytics
! STATUS-    
! STATUS-   converting tolerant edges into exact edges
! STATUS-    
! STATUS-   doing final check of body to report any faults
! STATUS-    
! INFO-     Filing Part ..: C:\Users\areyj\Documents\CAD\NFR Sprocket Adapters\NFR21 Sprocket Adapter\sprocket_adapter_blank_sldprt3113
! SUMMARY-   
! SUMMARY-  Summary of Unigraphics Part Entities
! SUMMARY-   
! SUMMARY-  Entities Processed             Count
! SUMMARY-  ------------------             -----
! SUMMARY-  Solid .......................:     1
! SUMMARY-                                 -----
! SUMMARY-  Total                              1
! STATUS-   Creating the UG part (Phase 3 of 3): 25-MAY-2021  11:21:38 PM
! INFO-     Filing Part ..: C:\Users\areyj\Documents\CAD\NFR Sprocket Adapters\NFR21 Sprocket Adapter\NFR21_SprocketAdapter_CAMAssembly-FINAL_step.prt
! SUMMARY-   
! SUMMARY-  Summary of Unigraphics Part Entities
! SUMMARY-   
! SUMMARY-  Entities Processed             Count
! SUMMARY-  ------------------             -----
! SUMMARY-  Component ...................:     3
! SUMMARY-                                 -----
! SUMMARY-  Total                              3
! INFO-      
! INFO-     Total number of solids input for this translation       :         3
! INFO-      
! INFO-     Number of solids created without body validation faults :         3
! INFO-      
! INFO-     Number of solids created with body validation fault(s)  :         0
! INFO-      
! INFO-     Number of solids ending up as sheet bodies              :         0
! INFO-      
! INFO-     End of Translation: 25-MAY-2021  11:21:38 PM
! INFO-      
